<?xml version="1.0" encoding="UTF-8"?>
<!-- Generated by org.testng.reporters.JUnitXMLReporter -->
<testsuite ignored="2" hostname="DESKTOP-3BAIA4A" failures="0" tests="4" name="Test" time="0.416" errors="0" timestamp="2025-09-16T23:07:49 IST">
  <testcase classname="typesofexecution.Demo4test" name="case5" time="0.061"/>
  <testcase classname="typesofexecution.Demo4test" name="case6" time="0.02"/>
  <testcase classname="typesofexecution.Demo5test" name="case7" time="0.016"/>
  <testcase classname="typesofexecution.Demo5test" name="case8" time="0.015"/>
  <testcase classname="typesofexecution.Demo4test" name="case4" time="0.0">
    <ignored/>
  </testcase> <!-- case4 -->
  <testcase classname="typesofexecution.Demo5test" name="case9" time="0.0">
    <ignored/>
  </testcase> <!-- case9 -->
</testsuite> <!-- Test -->
