<?xml version="1.0" encoding="UTF-8"?>
<!-- Generated by org.testng.reporters.JUnitXMLReporter -->
<testsuite ignored="0" hostname="DESKTOP-3BAIA4A" failures="0" tests="3" name="Default test" time="0.442" errors="0" timestamp="2025-09-16T23:01:59 IST">
  <testcase classname="typesofexecution.Demo5test" name="case7" time="0.034"/>
  <testcase classname="typesofexecution.Demo5test" name="case8" time="0.023"/>
  <testcase classname="typesofexecution.Demo5test" name="case9" time="0.021"/>
</testsuite> <!-- Default test -->
