<?xml version="1.0" encoding="UTF-8"?>
<testng-results ignored="0" total="4" passed="4" failed="0" skipped="0">
  <reporter-output>
  </reporter-output>
  <suite started-at="2025-09-12T23:54:35 IST" name="Default suite" finished-at="2025-09-12T23:55:11 IST" duration-ms="35108">
    <groups>
    </groups>
    <test started-at="2025-09-12T23:54:35 IST" name="Default test" finished-at="2025-09-12T23:55:11 IST" duration-ms="35108">
      <class name="testngextra.Saucedemo">
        <test-method signature="testSauceDemo(java.lang.String,java.lang.String)[pri:0, instance:testngextra.Saucedemo@51399530]" started-at="2025-09-12T23:54:36 IST" name="testSauceDemo" data-provider="getdata" finished-at="2025-09-12T23:54:45 IST" duration-ms="9755" status="PASS">
          <params>
            <param index="0">
              <value>
                <![CDATA[standard_user]]>
              </value>
            </param>
            <param index="1">
              <value>
                <![CDATA[secret_sauce]]>
              </value>
            </param>
          </params>
          <reporter-output>
          </reporter-output>
        </test-method> <!-- testSauceDemo -->
        <test-method signature="testSauceDemo(java.lang.String,java.lang.String)[pri:0, instance:testngextra.Saucedemo@51399530]" started-at="2025-09-12T23:54:45 IST" name="testSauceDemo" data-provider="getdata" finished-at="2025-09-12T23:54:52 IST" duration-ms="6547" status="PASS">
          <params>
            <param index="0">
              <value>
                <![CDATA[locked_out_user]]>
              </value>
            </param>
            <param index="1">
              <value>
                <![CDATA[secret_sauce]]>
              </value>
            </param>
          </params>
          <reporter-output>
          </reporter-output>
        </test-method> <!-- testSauceDemo -->
        <test-method signature="testSauceDemo(java.lang.String,java.lang.String)[pri:0, instance:testngextra.Saucedemo@51399530]" started-at="2025-09-12T23:54:52 IST" name="testSauceDemo" data-provider="getdata" finished-at="2025-09-12T23:54:58 IST" duration-ms="6013" status="PASS">
          <params>
            <param index="0">
              <value>
                <![CDATA[problem_user]]>
              </value>
            </param>
            <param index="1">
              <value>
                <![CDATA[secret_sauce]]>
              </value>
            </param>
          </params>
          <reporter-output>
          </reporter-output>
        </test-method> <!-- testSauceDemo -->
        <test-method signature="testSauceDemo(java.lang.String,java.lang.String)[pri:0, instance:testngextra.Saucedemo@51399530]" started-at="2025-09-12T23:54:58 IST" name="testSauceDemo" data-provider="getdata" finished-at="2025-09-12T23:55:11 IST" duration-ms="12604" status="PASS">
          <params>
            <param index="0">
              <value>
                <![CDATA[performance_glitch_user]]>
              </value>
            </param>
            <param index="1">
              <value>
                <![CDATA[secret_sauce]]>
              </value>
            </param>
          </params>
          <reporter-output>
          </reporter-output>
        </test-method> <!-- testSauceDemo -->
      </class> <!-- testngextra.Saucedemo -->
    </test> <!-- Default test -->
  </suite> <!-- Default suite -->
</testng-results>
