<?xml version="1.0" encoding="UTF-8"?>
<testng-results ignored="0" total="3" passed="3" failed="0" skipped="0">
  <reporter-output>
  </reporter-output>
  <suite started-at="2025-09-16T23:20:24 IST" name="Suite" finished-at="2025-09-16T23:20:55 IST" duration-ms="31051">
    <groups>
    </groups>
    <test started-at="2025-09-16T23:20:24 IST" name="TestRunner1" finished-at="2025-09-16T23:20:52 IST" duration-ms="28027">
      <class name="typesofexecution.Demo1test">
        <test-method signature="case1()[pri:0, instance:typesofexecution.Demo1test@76505305]" started-at="2025-09-16T23:20:25 IST" name="case1" finished-at="2025-09-16T23:20:52 IST" duration-ms="27826" status="PASS">
          <reporter-output>
          </reporter-output>
        </test-method> <!-- case1 -->
      </class> <!-- typesofexecution.Demo1test -->
    </test> <!-- TestRunner1 -->
    <test started-at="2025-09-16T23:20:24 IST" name="TestRunner2" finished-at="2025-09-16T23:20:53 IST" duration-ms="28339">
      <class name="typesofexecution.Demo2test">
        <test-method signature="case2()[pri:0, instance:typesofexecution.Demo2test@bcec361]" started-at="2025-09-16T23:20:25 IST" name="case2" finished-at="2025-09-16T23:20:53 IST" duration-ms="28222" status="PASS">
          <reporter-output>
          </reporter-output>
        </test-method> <!-- case2 -->
      </class> <!-- typesofexecution.Demo2test -->
    </test> <!-- TestRunner2 -->
    <test started-at="2025-09-16T23:20:24 IST" name="TestRunner3" finished-at="2025-09-16T23:20:55 IST" duration-ms="31013">
      <class name="typesofexecution.Demo3test">
        <test-method signature="case3()[pri:0, instance:typesofexecution.Demo3test@40005471]" started-at="2025-09-16T23:20:25 IST" name="case3" finished-at="2025-09-16T23:20:55 IST" duration-ms="30878" status="PASS">
          <reporter-output>
          </reporter-output>
        </test-method> <!-- case3 -->
      </class> <!-- typesofexecution.Demo3test -->
    </test> <!-- TestRunner3 -->
  </suite> <!-- Suite -->
</testng-results>
